-------------------------------------------------------------------------------->8
[2026-04-12T16:19:02.010835465Z][docker-desktop-user-distro] syncContextStores <HOME>/.docker/contexts <-> /mnt/c/Users/HP/.docker/contexts
[2026-04-12T16:19:02.026068055Z][docker-desktop-user-distro] syncContextStores <HOME>/.docker/contexts <-> /mnt/c/Users/HP/.docker/contexts os.Symlink <HOME>/.docker/contexts -> /mnt/c/Users/HP/.docker/contexts
-------------------------------------------------------------------------------->8
[2026-04-12T16:19:03.225823624Z][docker-desktop-user-distro] linkPathToWindows windowsPath = /mnt/c/Users/HP/.aws, linkPath = <HOME>/.aws
[2026-04-12T16:19:03.233597681Z][docker-desktop-user-distro] no need to symlink <HOME>/.aws to /mnt/c/Users/HP/.aws: they are the same path already
-------------------------------------------------------------------------------->8
[2026-04-12T16:19:04.251005270Z][docker-desktop-user-distro] linkPathToWindows windowsPath = /mnt/c/Users/HP/.azure, linkPath = <HOME>/.azure
[2026-04-12T16:19:04.261626437Z][docker-desktop-user-distro] no need to symlink <HOME>/.azure to /mnt/c/Users/HP/.azure: they are the same path already
-------------------------------------------------------------------------------->8
[2026-04-12T16:19:05.212753729Z][docker-desktop-user-distro] linkPathToWindows windowsPath = /mnt/c/Users/HP/.docker/features.json, linkPath = ~/.docker/features.json
-------------------------------------------------------------------------------->8
[2026-04-12T16:20:53.114575394Z][docker-desktop-user-distro] syncContextStores <HOME>/.docker/contexts <-> /mnt/c/Users/HP/.docker/contexts
[2026-04-12T16:20:53.136732255Z][docker-desktop-user-distro] syncContextStores <HOME>/.docker/contexts <-> /mnt/c/Users/HP/.docker/contexts: syncNoop
-------------------------------------------------------------------------------->8
[2026-04-12T16:20:54.110657097Z][docker-desktop-user-distro] linkPathToWindows windowsPath = /mnt/c/Users/HP/.aws, linkPath = <HOME>/.aws
[2026-04-12T16:20:54.127002398Z][docker-desktop-user-distro] no need to symlink <HOME>/.aws to /mnt/c/Users/HP/.aws: they are the same path already
-------------------------------------------------------------------------------->8
[2026-04-12T16:20:55.500380535Z][docker-desktop-user-distro] linkPathToWindows windowsPath = /mnt/c/Users/HP/.azure, linkPath = <HOME>/.azure
[2026-04-12T16:20:55.510263972Z][docker-desktop-user-distro] no need to symlink <HOME>/.azure to /mnt/c/Users/HP/.azure: they are the same path already
-------------------------------------------------------------------------------->8
[2026-04-12T16:20:56.580205602Z][docker-desktop-user-distro] linkPathToWindows windowsPath = /mnt/c/Users/HP/.docker/features.json, linkPath = ~/.docker/features.json
